grow_tree	0604493329	type	ROOT
grow_tree	1697692589	type	ROOT
grow_tree	2097323838	type	ROOT
grow_tree	0618951461	type	ROOT
grow_tree	2010563348	type	ROOT
grow_tree	0424888017	type	ROOT
grow_tree	1908186455	type	ROOT
grow_tree	0328974276	type	ROOT
grow_tree	1925469578	type	ROOT
grow_tree	1627914274	type	ROOT
grow_tree	0623279963	type	ROOT
grow_tree	1238276322	type	ROOT
grow_tree	1029511504	type	ROOT
grow_tree	2133014612	type	ROOT
grow_tree	0387492198	type	ROOT
grow_tree	0860964464	type	ROOT
grow_tree	1041419649	type	ROOT
grow_tree	0179473582	type	ROOT
grow_tree	1434064715	type	ROOT
grow_tree	0694556796	type	ROOT
birth_of	0325506619	to_parents	1627914274	0179473582	nodes	252	gzip_size	612
birth_of	1810412398	to_parents	1627914274	0179473582	nodes	176	gzip_size	575
birth_of	0423752968	to_parents	1029511504	2097323838	nodes	242	gzip_size	560
birth_of	0286962487	to_parents	1029511504	2097323838	nodes	216	gzip_size	523
birth_of	1882155965	to_parents	2133014612	1908186455	nodes	485	gzip_size	932
birth_of	2089257790	to_parents	2133014612	1908186455	nodes	164	gzip_size	572
birth_of	2009940397	to_parents	1627914274	0179473582	nodes	212	gzip_size	585
birth_of	1217469191	to_parents	1627914274	0179473582	nodes	216	gzip_size	594
birth_of	0616044795	to_parents	1029511504	2097323838	nodes	204	gzip_size	516
birth_of	1281610189	to_parents	1029511504	2097323838	nodes	254	gzip_size	567
birth_of	1449917355	to_parents	2133014612	1908186455	nodes	485	gzip_size	933
birth_of	1671825972	to_parents	2133014612	1908186455	nodes	164	gzip_size	572
death_of	1434064715
death_of	0618951461
death_of	2010563348
death_of	1925469578
death_of	0694556796
death_of	0424888017
death_of	1627914274
death_of	0179473582
death_of	1029511504
death_of	2097323838
death_of	2133014612
death_of	1908186455
birth_of	0460952574	to_parents	2089257790	1217469191	nodes	216	gzip_size	594
birth_of	1775472818	to_parents	2089257790	1217469191	nodes	164	gzip_size	572
birth_of	0129564617	to_parents	1882155965	2009940397	nodes	212	gzip_size	585
birth_of	0126657628	to_parents	1882155965	2009940397	nodes	485	gzip_size	932
birth_of	0770492298	to_parents	0616044795	1238276322	nodes	160	gzip_size	578
birth_of	1648353830	to_parents	0616044795	1238276322	nodes	204	gzip_size	516
birth_of	1505090716	to_parents	2089257790	1217469191	nodes	216	gzip_size	594
birth_of	1760346853	to_parents	2089257790	1217469191	nodes	164	gzip_size	572
birth_of	1971652544	to_parents	1882155965	2009940397	nodes	212	gzip_size	585
birth_of	1633626848	to_parents	1882155965	2009940397	nodes	485	gzip_size	932
birth_of	0432437844	to_parents	0616044795	1238276322	nodes	198	gzip_size	512
birth_of	0358571423	to_parents	0616044795	1238276322	nodes	166	gzip_size	572
death_of	1281610189
death_of	0423752968
death_of	1671825972
death_of	0325506619
death_of	0286962487
death_of	1449917355
death_of	2089257790
death_of	1217469191
death_of	1882155965
death_of	2009940397
death_of	0616044795
death_of	1238276322
birth_of	1282100484	to_parents	1971652544	0432437844	nodes	198	gzip_size	512
birth_of	0128510029	to_parents	1971652544	0432437844	nodes	212	gzip_size	585
birth_of	2120710432	to_parents	1760346853	1648353830	nodes	204	gzip_size	516
birth_of	0894956656	to_parents	1760346853	1648353830	nodes	164	gzip_size	572
birth_of	1865657725	to_parents	0358571423	1775472818	nodes	164	gzip_size	572
birth_of	1459424774	to_parents	0358571423	1775472818	nodes	166	gzip_size	572
birth_of	0159951530	to_parents	1971652544	0432437844	nodes	198	gzip_size	512
birth_of	1788112681	to_parents	1971652544	0432437844	nodes	212	gzip_size	585
birth_of	1774418075	to_parents	1760346853	1648353830	nodes	204	gzip_size	516
birth_of	0583721616	to_parents	1760346853	1648353830	nodes	164	gzip_size	572
birth_of	1291948518	to_parents	0358571423	1775472818	nodes	164	gzip_size	572
birth_of	1784004087	to_parents	0358571423	1775472818	nodes	166	gzip_size	572
death_of	0770492298
death_of	1810412398
death_of	1633626848
death_of	0129564617
death_of	1505090716
death_of	0460952574
death_of	1971652544
death_of	0432437844
death_of	1760346853
death_of	1648353830
death_of	0358571423
death_of	1775472818
birth_of	0869411097	to_parents	1788112681	2120710432	nodes	204	gzip_size	516
birth_of	1921641536	to_parents	1788112681	2120710432	nodes	212	gzip_size	585
birth_of	1749907013	to_parents	1784004087	1291948518	nodes	164	gzip_size	572
birth_of	0804160703	to_parents	1784004087	1291948518	nodes	166	gzip_size	572
birth_of	1261978676	to_parents	1282100484	0583721616	nodes	222	gzip_size	523
birth_of	0535409508	to_parents	1282100484	0583721616	nodes	140	gzip_size	555
birth_of	1549705530	to_parents	1788112681	2120710432	nodes	212	gzip_size	585
birth_of	1314977943	to_parents	1788112681	2120710432	nodes	204	gzip_size	517
birth_of	2084694574	to_parents	1784004087	1291948518	nodes	164	gzip_size	572
birth_of	1812419788	to_parents	1784004087	1291948518	nodes	166	gzip_size	573
birth_of	1273308695	to_parents	1282100484	0583721616	nodes	164	gzip_size	572
birth_of	1505991823	to_parents	1282100484	0583721616	nodes	198	gzip_size	512
death_of	1459424774
death_of	1774418075
death_of	0159951530
death_of	0894956656
death_of	1865657725
death_of	0128510029
death_of	1788112681
death_of	2120710432
death_of	1784004087
death_of	1291948518
death_of	1282100484
death_of	0583721616
birth_of	0613127566	to_parents	1261978676	1812419788	nodes	166	gzip_size	573
birth_of	0538991187	to_parents	1261978676	1812419788	nodes	222	gzip_size	523
birth_of	0015165195	to_parents	0869411097	0126657628	nodes	485	gzip_size	932
birth_of	1127724399	to_parents	0869411097	0126657628	nodes	204	gzip_size	516
birth_of	0666096587	to_parents	1749907013	1549705530	nodes	212	gzip_size	585
birth_of	2058887885	to_parents	1749907013	1549705530	nodes	164	gzip_size	572
birth_of	0405939669	to_parents	1261978676	1812419788	nodes	166	gzip_size	573
birth_of	0968746553	to_parents	1261978676	1812419788	nodes	222	gzip_size	523
birth_of	0430750149	to_parents	0869411097	0126657628	nodes	485	gzip_size	934
birth_of	1884207358	to_parents	0869411097	0126657628	nodes	204	gzip_size	516
birth_of	1967049531	to_parents	1749907013	1549705530	nodes	212	gzip_size	585
birth_of	0707295899	to_parents	1749907013	1549705530	nodes	164	gzip_size	572
death_of	2084694574
death_of	1505991823
death_of	1921641536
death_of	0535409508
death_of	1314977943
death_of	1273308695
death_of	1261978676
death_of	1812419788
death_of	0869411097
death_of	0126657628
death_of	1749907013
death_of	1549705530
birth_of	1239308949	to_parents	0430750149	0613127566	nodes	166	gzip_size	573
birth_of	1624641115	to_parents	0430750149	0613127566	nodes	485	gzip_size	934
birth_of	0293279798	to_parents	1127724399	0666096587	nodes	212	gzip_size	585
birth_of	0235216458	to_parents	1127724399	0666096587	nodes	204	gzip_size	516
birth_of	1168877744	to_parents	0804160703	0538991187	nodes	222	gzip_size	523
birth_of	1940999253	to_parents	0804160703	0538991187	nodes	166	gzip_size	572
birth_of	0425804655	to_parents	0430750149	0613127566	nodes	166	gzip_size	573
birth_of	0670254322	to_parents	0430750149	0613127566	nodes	485	gzip_size	934
birth_of	1701950503	to_parents	1127724399	0666096587	nodes	212	gzip_size	585
birth_of	0002339624	to_parents	1127724399	0666096587	nodes	204	gzip_size	516
birth_of	0407604290	to_parents	0804160703	0538991187	nodes	222	gzip_size	526
birth_of	0388477567	to_parents	0804160703	0538991187	nodes	166	gzip_size	572
death_of	0968746553
death_of	0707295899
death_of	0015165195
death_of	1967049531
death_of	1884207358
death_of	2058887885
death_of	0430750149
death_of	0613127566
death_of	1127724399
death_of	0666096587
death_of	0804160703
death_of	0538991187
birth_of	0738916904	to_parents	0407604290	1239308949	nodes	166	gzip_size	573
birth_of	0331814922	to_parents	0407604290	1239308949	nodes	222	gzip_size	526
birth_of	1592907413	to_parents	0670254322	1624641115	nodes	503	gzip_size	907
birth_of	1512318019	to_parents	0670254322	1624641115	nodes	467	gzip_size	904
birth_of	0405443186	to_parents	1940999253	0002339624	nodes	204	gzip_size	516
birth_of	0790371813	to_parents	1940999253	0002339624	nodes	166	gzip_size	572
birth_of	0290476736	to_parents	0407604290	1239308949	nodes	224	gzip_size	526
birth_of	2054914164	to_parents	0407604290	1239308949	nodes	164	gzip_size	576
birth_of	0671917247	to_parents	0670254322	1624641115	nodes	485	gzip_size	934
birth_of	1248294722	to_parents	0670254322	1624641115	nodes	485	gzip_size	934
birth_of	1494101531	to_parents	1940999253	0002339624	nodes	204	gzip_size	516
birth_of	2029719591	to_parents	1940999253	0002339624	nodes	166	gzip_size	572
death_of	1701950503
death_of	0388477567
death_of	0425804655
death_of	1168877744
death_of	0293279798
death_of	0405939669
death_of	0407604290
death_of	1239308949
death_of	0670254322
death_of	1624641115
death_of	1940999253
death_of	0002339624
birth_of	0621702903	to_parents	0738916904	1494101531	nodes	204	gzip_size	516
birth_of	1100321139	to_parents	0738916904	1494101531	nodes	166	gzip_size	573
birth_of	1818737423	to_parents	0235216458	0405443186	nodes	204	gzip_size	516
birth_of	0249073148	to_parents	0235216458	0405443186	nodes	204	gzip_size	516
birth_of	1757598181	to_parents	0331814922	0671917247	nodes	485	gzip_size	934
birth_of	1477797269	to_parents	0331814922	0671917247	nodes	222	gzip_size	526
birth_of	1853034426	to_parents	0738916904	1494101531	nodes	204	gzip_size	516
birth_of	0329941564	to_parents	0738916904	1494101531	nodes	166	gzip_size	573
birth_of	0757615016	to_parents	0235216458	0405443186	nodes	204	gzip_size	516
birth_of	1933542629	to_parents	0235216458	0405443186	nodes	204	gzip_size	516
birth_of	1159686152	to_parents	0331814922	0671917247	nodes	275	gzip_size	579
birth_of	0015468602	to_parents	0331814922	0671917247	nodes	432	gzip_size	886
death_of	0790371813
death_of	2054914164
death_of	0290476736
death_of	1248294722
death_of	1592907413
death_of	1512318019
death_of	0738916904
death_of	1494101531
death_of	0235216458
death_of	0405443186
death_of	0331814922
death_of	0671917247
birth_of	1024176059	to_parents	1159686152	1100321139	nodes	166	gzip_size	573
birth_of	1201539374	to_parents	1159686152	1100321139	nodes	275	gzip_size	579
birth_of	1513764012	to_parents	0621702903	0757615016	nodes	207	gzip_size	519
birth_of	0946600950	to_parents	0621702903	0757615016	nodes	201	gzip_size	513
birth_of	0949967303	to_parents	2029719591	1853034426	nodes	204	gzip_size	516
birth_of	1862399162	to_parents	2029719591	1853034426	nodes	166	gzip_size	572
birth_of	0318799102	to_parents	1159686152	1100321139	nodes	166	gzip_size	573
birth_of	1783006189	to_parents	1159686152	1100321139	nodes	275	gzip_size	579
birth_of	0377928792	to_parents	0621702903	0757615016	nodes	148	gzip_size	440
birth_of	0883557692	to_parents	0621702903	0757615016	nodes	260	gzip_size	522
birth_of	0317298383	to_parents	2029719591	1853034426	nodes	204	gzip_size	516
birth_of	1708606924	to_parents	2029719591	1853034426	nodes	166	gzip_size	572
death_of	1477797269
death_of	1757598181
death_of	0249073148
death_of	1933542629
death_of	1818737423
death_of	0015468602
death_of	1159686152
death_of	1100321139
death_of	0621702903
death_of	0757615016
death_of	2029719591
death_of	1853034426
birth_of	0617011395	to_parents	0377928792	1708606924	nodes	166	gzip_size	572
birth_of	0844890251	to_parents	0377928792	1708606924	nodes	148	gzip_size	440
birth_of	0580460332	to_parents	1862399162	0946600950	nodes	201	gzip_size	513
birth_of	1676307981	to_parents	1862399162	0946600950	nodes	166	gzip_size	572
birth_of	0491144978	to_parents	1513764012	1783006189	nodes	275	gzip_size	579
birth_of	1119710580	to_parents	1513764012	1783006189	nodes	207	gzip_size	519
birth_of	0043356819	to_parents	0377928792	1708606924	nodes	166	gzip_size	572
birth_of	1233766890	to_parents	0377928792	1708606924	nodes	148	gzip_size	440
birth_of	1847570303	to_parents	1862399162	0946600950	nodes	201	gzip_size	513
birth_of	1463086753	to_parents	1862399162	0946600950	nodes	166	gzip_size	572
birth_of	2088275176	to_parents	1513764012	1783006189	nodes	275	gzip_size	579
birth_of	0509730975	to_parents	1513764012	1783006189	nodes	207	gzip_size	519
death_of	0883557692
death_of	1201539374
death_of	0318799102
death_of	0949967303
death_of	0329941564
death_of	0317298383
death_of	0377928792
death_of	1708606924
death_of	1862399162
death_of	0946600950
death_of	1513764012
death_of	1783006189
birth_of	1481313258	to_parents	0580460332	0491144978	nodes	275	gzip_size	579
birth_of	1102095292	to_parents	0580460332	0491144978	nodes	201	gzip_size	513
birth_of	1617461371	to_parents	1119710580	1847570303	nodes	201	gzip_size	513
birth_of	0056987760	to_parents	1119710580	1847570303	nodes	207	gzip_size	519
birth_of	0001514340	to_parents	2088275176	0509730975	nodes	207	gzip_size	519
birth_of	1351124073	to_parents	2088275176	0509730975	nodes	275	gzip_size	579
birth_of	0246344211	to_parents	0580460332	0491144978	nodes	275	gzip_size	579
birth_of	1569970504	to_parents	0580460332	0491144978	nodes	201	gzip_size	513
birth_of	1348135603	to_parents	1119710580	1847570303	nodes	201	gzip_size	513
birth_of	0599645206	to_parents	1119710580	1847570303	nodes	207	gzip_size	519
birth_of	0017300271	to_parents	2088275176	0509730975	nodes	222	gzip_size	526
birth_of	2132046477	to_parents	2088275176	0509730975	nodes	260	gzip_size	572
death_of	0043356819
death_of	1233766890
death_of	1463086753
death_of	1024176059
death_of	0617011395
death_of	1676307981
death_of	0580460332
death_of	0491144978
death_of	1119710580
death_of	1847570303
death_of	2088275176
death_of	0509730975
birth_of	0107955178	to_parents	0599645206	0001514340	nodes	207	gzip_size	520
birth_of	1728258766	to_parents	0599645206	0001514340	nodes	207	gzip_size	519
birth_of	1315066692	to_parents	2132046477	1348135603	nodes	201	gzip_size	513
birth_of	0101897275	to_parents	2132046477	1348135603	nodes	260	gzip_size	572
birth_of	0206622534	to_parents	1351124073	1481313258	nodes	275	gzip_size	579
birth_of	1898133327	to_parents	1351124073	1481313258	nodes	275	gzip_size	579
birth_of	0737805437	to_parents	0599645206	0001514340	nodes	207	gzip_size	519
birth_of	1004021584	to_parents	0599645206	0001514340	nodes	207	gzip_size	519
birth_of	1420991968	to_parents	2132046477	1348135603	nodes	201	gzip_size	513
birth_of	1812816492	to_parents	2132046477	1348135603	nodes	260	gzip_size	572
birth_of	2143575421	to_parents	1351124073	1481313258	nodes	307	gzip_size	589
birth_of	0153711461	to_parents	1351124073	1481313258	nodes	243	gzip_size	562
death_of	0017300271
death_of	0246344211
death_of	1102095292
death_of	0056987760
death_of	1617461371
death_of	0844890251
death_of	0599645206
death_of	0001514340
death_of	2132046477
death_of	1348135603
death_of	1351124073
death_of	1481313258
birth_of	1828950028	to_parents	1728258766	0153711461	nodes	243	gzip_size	562
birth_of	1199664823	to_parents	1728258766	0153711461	nodes	207	gzip_size	519
birth_of	1608520141	to_parents	1315066692	1898133327	nodes	275	gzip_size	579
birth_of	0924301067	to_parents	1315066692	1898133327	nodes	201	gzip_size	513
birth_of	1059740717	to_parents	0107955178	2143575421	nodes	307	gzip_size	589
birth_of	2018046855	to_parents	0107955178	2143575421	nodes	207	gzip_size	520
birth_of	1914084622	to_parents	1728258766	0153711461	nodes	243	gzip_size	562
birth_of	0322826655	to_parents	1728258766	0153711461	nodes	207	gzip_size	519
birth_of	0705125746	to_parents	1315066692	1898133327	nodes	275	gzip_size	579
birth_of	1649528037	to_parents	1315066692	1898133327	nodes	201	gzip_size	513
birth_of	0319789578	to_parents	0107955178	2143575421	nodes	307	gzip_size	589
birth_of	1339054734	to_parents	0107955178	2143575421	nodes	207	gzip_size	520
death_of	1004021584
death_of	0206622534
death_of	0737805437
death_of	1420991968
death_of	0101897275
death_of	1569970504
death_of	1728258766
death_of	0153711461
death_of	1315066692
death_of	1898133327
death_of	0107955178
death_of	2143575421
birth_of	1683452571	to_parents	1649528037	1914084622	nodes	243	gzip_size	562
birth_of	0632427195	to_parents	1649528037	1914084622	nodes	201	gzip_size	513
birth_of	1204780752	to_parents	0322826655	1199664823	nodes	207	gzip_size	519
birth_of	0626209947	to_parents	0322826655	1199664823	nodes	207	gzip_size	519
birth_of	1401460558	to_parents	1059740717	0924301067	nodes	201	gzip_size	513
birth_of	1074025258	to_parents	1059740717	0924301067	nodes	307	gzip_size	589
birth_of	1042437376	to_parents	1649528037	1914084622	nodes	243	gzip_size	562
birth_of	1109009068	to_parents	1649528037	1914084622	nodes	201	gzip_size	513
birth_of	0108773306	to_parents	0322826655	1199664823	nodes	207	gzip_size	519
birth_of	0884156632	to_parents	0322826655	1199664823	nodes	207	gzip_size	519
birth_of	1015245369	to_parents	1059740717	0924301067	nodes	201	gzip_size	513
birth_of	0893560184	to_parents	1059740717	0924301067	nodes	307	gzip_size	589
death_of	0319789578
death_of	1812816492
death_of	1608520141
death_of	2018046855
death_of	1828950028
death_of	1339054734
death_of	1649528037
death_of	1914084622
death_of	0322826655
death_of	1199664823
death_of	1059740717
death_of	0924301067
birth_of	1040477703	to_parents	0893560184	1204780752	nodes	207	gzip_size	519
birth_of	1771586988	to_parents	0893560184	1204780752	nodes	307	gzip_size	589
birth_of	1985433699	to_parents	0632427195	0108773306	nodes	207	gzip_size	519
birth_of	1644056467	to_parents	0632427195	0108773306	nodes	201	gzip_size	513
birth_of	1897852765	to_parents	1683452571	1401460558	nodes	201	gzip_size	513
birth_of	0946696415	to_parents	1683452571	1401460558	nodes	243	gzip_size	562
birth_of	0178782820	to_parents	0893560184	1204780752	nodes	207	gzip_size	519
birth_of	1048672121	to_parents	0893560184	1204780752	nodes	307	gzip_size	589
birth_of	2040188619	to_parents	0632427195	0108773306	nodes	201	gzip_size	516
birth_of	0531144975	to_parents	0632427195	0108773306	nodes	207	gzip_size	518
birth_of	0772151327	to_parents	1683452571	1401460558	nodes	201	gzip_size	513
birth_of	0238268606	to_parents	1683452571	1401460558	nodes	243	gzip_size	562
death_of	1109009068
death_of	0705125746
death_of	1074025258
death_of	0884156632
death_of	1015245369
death_of	1042437376
death_of	0893560184
death_of	1204780752
death_of	0632427195
death_of	0108773306
death_of	1683452571
death_of	1401460558
birth_of	0713900618	to_parents	0178782820	0531144975	nodes	207	gzip_size	518
birth_of	0871361886	to_parents	0178782820	0531144975	nodes	207	gzip_size	519
birth_of	0019423007	to_parents	1985433699	1644056467	nodes	201	gzip_size	513
birth_of	0295257698	to_parents	1985433699	1644056467	nodes	207	gzip_size	519
birth_of	1209897100	to_parents	1771586988	0238268606	nodes	243	gzip_size	562
birth_of	1287475251	to_parents	1771586988	0238268606	nodes	307	gzip_size	589
birth_of	1833722982	to_parents	0178782820	0531144975	nodes	207	gzip_size	518
birth_of	2014770447	to_parents	0178782820	0531144975	nodes	207	gzip_size	519
birth_of	0305394680	to_parents	1985433699	1644056467	nodes	201	gzip_size	513
birth_of	0817751405	to_parents	1985433699	1644056467	nodes	207	gzip_size	519
birth_of	0512580870	to_parents	1771586988	0238268606	nodes	243	gzip_size	562
birth_of	1429914166	to_parents	1771586988	0238268606	nodes	307	gzip_size	588
death_of	0946696415
death_of	0772151327
death_of	2040188619
death_of	0626209947
death_of	1048672121
death_of	1897852765
death_of	0178782820
death_of	0531144975
death_of	1985433699
death_of	1644056467
death_of	1771586988
death_of	0238268606
birth_of	1646882042	to_parents	2014770447	0019423007	nodes	205	gzip_size	488
birth_of	1561271575	to_parents	2014770447	0019423007	nodes	203	gzip_size	494
birth_of	1129205063	to_parents	0817751405	1429914166	nodes	307	gzip_size	588
birth_of	1716577573	to_parents	0817751405	1429914166	nodes	207	gzip_size	519
birth_of	1181205059	to_parents	0305394680	0713900618	nodes	217	gzip_size	513
birth_of	0101518876	to_parents	0305394680	0713900618	nodes	191	gzip_size	494
birth_of	1576185334	to_parents	2014770447	0019423007	nodes	201	gzip_size	513
birth_of	0754481866	to_parents	2014770447	0019423007	nodes	207	gzip_size	519
birth_of	0363778057	to_parents	0817751405	1429914166	nodes	307	gzip_size	588
birth_of	0004104459	to_parents	0817751405	1429914166	nodes	207	gzip_size	519
birth_of	0184341785	to_parents	0305394680	0713900618	nodes	207	gzip_size	518
birth_of	1151930677	to_parents	0305394680	0713900618	nodes	201	gzip_size	513
death_of	1287475251
death_of	0512580870
death_of	1040477703
death_of	1833722982
death_of	0871361886
death_of	1209897100
death_of	2014770447
death_of	0019423007
death_of	0817751405
death_of	1429914166
death_of	0305394680
death_of	0713900618
rating_of	1697692589	by	localhost	was	1
rating_of	0328974276	by	localhost	was	1
birth_of	0512678804	to_parents	0328974276	1697692589	nodes	297	gzip_size	568
birth_of	0295212224	to_parents	0328974276	1697692589	nodes	213	gzip_size	592
birth_of	1159616014	to_parents	0004104459	1151930677	nodes	201	gzip_size	513
birth_of	1815831963	to_parents	0004104459	1151930677	nodes	207	gzip_size	519
birth_of	0803031347	to_parents	1646882042	0295257698	nodes	202	gzip_size	487
birth_of	2066475867	to_parents	1646882042	0295257698	nodes	210	gzip_size	517
birth_of	1073236090	to_parents	0328974276	1697692589	nodes	210	gzip_size	591
birth_of	0763550419	to_parents	0328974276	1697692589	nodes	300	gzip_size	569
birth_of	0039171300	to_parents	0004104459	1151930677	nodes	201	gzip_size	514
birth_of	1509656657	to_parents	0004104459	1151930677	nodes	207	gzip_size	519
birth_of	1284782889	to_parents	1646882042	0295257698	nodes	207	gzip_size	519
birth_of	1645644283	to_parents	1646882042	0295257698	nodes	205	gzip_size	488
death_of	0754481866
death_of	1576185334
death_of	0184341785
death_of	0363778057
death_of	1716577573
death_of	0101518876
death_of	0328974276
death_of	1697692589
death_of	0004104459
death_of	1151930677
death_of	1646882042
death_of	0295257698
rating_of	0623279963	by	localhost	was	4
rating_of	1041419649	by	localhost	was	3
rating_of	0387492198	by	localhost	was	4
rating_of	0604493329	by	localhost	was	5
grow_tree	0647262695	type	LAYER
birth_of	0961645906	to_parents	0604493329	0387492198	nodes	435	gzip_size	819
birth_of	0647262695	to_parents	0604493329	0387492198	nodes	1649	gzip_size	2043
birth_of	0471513131	to_parents	1041419649	1181205059	nodes	606	gzip_size	960
birth_of	0375806059	to_parents	1041419649	1181205059	nodes	212	gzip_size	527
birth_of	1345204235	to_parents	1129205063	1815831963	nodes	207	gzip_size	519
birth_of	0748908152	to_parents	1129205063	1815831963	nodes	307	gzip_size	588
birth_of	0822793816	to_parents	0604493329	0387492198	nodes	1672	gzip_size	2091
birth_of	1444663669	to_parents	0604493329	0387492198	nodes	429	gzip_size	815
birth_of	0967299203	to_parents	1041419649	1181205059	nodes	217	gzip_size	513
birth_of	1972639171	to_parents	1041419649	1181205059	nodes	601	gzip_size	960
birth_of	0119779059	to_parents	1129205063	1815831963	nodes	276	gzip_size	536
birth_of	1174158777	to_parents	1129205063	1815831963	nodes	238	gzip_size	544
death_of	1645644283
death_of	1561271575
death_of	1284782889
death_of	1509656657
death_of	0039171300
death_of	0803031347
death_of	0604493329
death_of	0387492198
death_of	1041419649
death_of	1181205059
death_of	1129205063
death_of	1815831963
rating_of	1073236090	by	localhost	was	1
rating_of	0860964464	by	localhost	was	2
rating_of	0295212224	by	localhost	was	0
diversity	785.15	232.70
rating_of	0763550419	by	localhost	was	5
rating_of	0961645906	by	localhost	was	4
birth_of	1133403856	to_parents	0763550419	0961645906	nodes	435	gzip_size	819
birth_of	0736591251	to_parents	0763550419	0961645906	nodes	300	gzip_size	569
birth_of	0896135368	to_parents	0623279963	1073236090	nodes	210	gzip_size	591
birth_of	0695583013	to_parents	0623279963	1073236090	nodes	219	gzip_size	530
birth_of	0079579074	to_parents	0375806059	0967299203	nodes	190	gzip_size	485
birth_of	0309311700	to_parents	0375806059	0967299203	nodes	239	gzip_size	485
birth_of	1115237699	to_parents	0763550419	0961645906	nodes	435	gzip_size	819
birth_of	1184196572	to_parents	0763550419	0961645906	nodes	300	gzip_size	569
birth_of	0885445047	to_parents	0623279963	1073236090	nodes	210	gzip_size	591
birth_of	1636426164	to_parents	0623279963	1073236090	nodes	219	gzip_size	527
birth_of	1455244721	to_parents	0375806059	0967299203	nodes	217	gzip_size	513
birth_of	1980093486	to_parents	0375806059	0967299203	nodes	212	gzip_size	527
death_of	1345204235
death_of	1174158777
death_of	0119779059
death_of	0748908152
death_of	0295212224
death_of	1159616014
death_of	0763550419
death_of	0961645906
death_of	0623279963
death_of	1073236090
death_of	0375806059
death_of	0967299203
rating_of	0471513131	by	localhost	was	4
rating_of	0736591251	by	localhost	was	3
diversity	794.40	227.95
rating_of	0885445047	by	localhost	was	1
rating_of	0512678804	by	localhost	was	5
rating_of	1133403856	by	localhost	was	2
rating_of	0695583013	by	localhost	was	5
rating_of	1184196572	by	localhost	was	1
rating_of	1972639171	by	localhost	was	5
birth_of	1437970788	to_parents	0695583013	0512678804	nodes	223	gzip_size	541
birth_of	0913346159	to_parents	0695583013	0512678804	nodes	293	gzip_size	560
birth_of	1701295089	to_parents	1972639171	0471513131	nodes	606	gzip_size	960
birth_of	0097658981	to_parents	1972639171	0471513131	nodes	601	gzip_size	960
birth_of	0863157005	to_parents	0736591251	1133403856	nodes	435	gzip_size	819
birth_of	1083913557	to_parents	0736591251	1133403856	nodes	300	gzip_size	569
birth_of	1209120997	to_parents	0695583013	0512678804	nodes	297	gzip_size	568
birth_of	1114924777	to_parents	0695583013	0512678804	nodes	219	gzip_size	530
birth_of	1975264331	to_parents	1972639171	0471513131	nodes	606	gzip_size	960
birth_of	0822824744	to_parents	1972639171	0471513131	nodes	601	gzip_size	960
birth_of	0020209778	to_parents	0736591251	1133403856	nodes	310	gzip_size	545
birth_of	1408922308	to_parents	0736591251	1133403856	nodes	425	gzip_size	851
death_of	0885445047
death_of	1184196572
death_of	1980093486
death_of	2066475867
death_of	0309311700
death_of	1455244721
death_of	0695583013
death_of	0512678804
death_of	1972639171
death_of	0471513131
death_of	0736591251
death_of	1133403856
rating_of	1444663669	by	localhost	was	1
rating_of	0863157005	by	localhost	was	1
diversity	855.15	228.25
rating_of	1701295089	by	localhost	was	5
rating_of	1408922308	by	localhost	was	4
audio_for	0822824744	is	results/saved/1385476516.mp3
rating_of	0822824744	by	localhost	was	5
rating_of	1083913557	by	localhost	was	3
rating_of	0097658981	by	localhost	was	4
rating_of	1209120997	by	localhost	was	2
audio_for	0822793816	is	results/saved/1385476605.mp3
rating_of	0822793816	by	localhost	was	5
rating_of	0913346159	by	localhost	was	1
rating_of	1437970788	by	localhost	was	3
birth_of	1876367960	to_parents	1701295089	0822824744	nodes	601	gzip_size	960
birth_of	1380144891	to_parents	1701295089	0822824744	nodes	606	gzip_size	960
birth_of	1313187586	to_parents	0822793816	0097658981	nodes	1737	gzip_size	2157
birth_of	1919571026	to_parents	0822793816	0097658981	nodes	536	gzip_size	966
birth_of	0316623845	to_parents	1408922308	1083913557	nodes	300	gzip_size	569
birth_of	0244170942	to_parents	1408922308	1083913557	nodes	425	gzip_size	852
birth_of	1608441547	to_parents	1701295089	0822824744	nodes	606	gzip_size	960
birth_of	2096104857	to_parents	1701295089	0822824744	nodes	601	gzip_size	962
grow_tree	1929221961	type	LAYERS
grow_tree	1929221961	type	NOTELEN
birth_of	1416870774	to_parents	0822793816	0097658981	nodes	1677	gzip_size	2097
birth_of	1929221961	to_parents	0822793816	0097658981	nodes	604	gzip_size	957
birth_of	0909100793	to_parents	1408922308	1083913557	nodes	300	gzip_size	569
birth_of	1136311956	to_parents	1408922308	1083913557	nodes	425	gzip_size	851
death_of	0860964464
death_of	1209120997
death_of	0863157005
death_of	1444663669
death_of	0913346159
death_of	0079579074
death_of	1701295089
death_of	0822824744
death_of	0822793816
death_of	0097658981
death_of	1408922308
death_of	1083913557
rating_of	1975264331	by	localhost	was	2
rating_of	1115237699	by	localhost	was	2
rating_of	1876367960	by	localhost	was	3
rating_of	0647262695	by	localhost	was	4
